<?xml version="1.0" encoding="UTF-8"?>
<!-- Generated by org.testng.reporters.JUnitXMLReporter -->
<testsuite ignored="30" hostname="saurabhsoni" failures="5" tests="22" name="Test" time="643.093" errors="0" timestamp="2021-02-11T15:32:55 IST">
  <testcase classname="CommonUtils.BaseClass" name="@AfterMethod ScreenshotAttach" time="0.002">
    <failure type="org.openqa.selenium.NoSuchSessionException" message="Session ID is null. Using WebDriver after calling quit()?
Build info: version: &amp;apos;3.141.59&amp;apos;, revision: &amp;apos;e82be7d358&amp;apos;, time: &amp;apos;2018-11-14T08:17:03&amp;apos;
System info: host: &amp;apos;SAURABHSONI&amp;apos;, ip: &amp;apos;192.168.29.137&amp;apos;, os.name: &amp;apos;Windows 10&amp;apos;, os.arch: &amp;apos;amd64&amp;apos;, os.version: &amp;apos;10.0&amp;apos;, java.version: &amp;apos;14.0.2&amp;apos;
Driver info: driver.version: RemoteWebDriver">
      <![CDATA[org.openqa.selenium.NoSuchSessionException: Session ID is null. Using WebDriver after calling quit()?
Build info: version: '3.141.59', revision: 'e82be7d358', time: '2018-11-14T08:17:03'
System info: host: 'SAURABHSONI', ip: '192.168.29.137', os.name: 'Windows 10', os.arch: 'amd64', os.version: '10.0', java.version: '14.0.2'
Driver info: driver.version: RemoteWebDriver
at org.openqa.selenium.remote.HttpCommandExecutor.execute(HttpCommandExecutor.java:125)
at org.openqa.selenium.remote.service.DriverCommandExecutor.execute(DriverCommandExecutor.java:83)
at org.openqa.selenium.remote.RemoteWebDriver.execute(RemoteWebDriver.java:552)
at org.openqa.selenium.remote.RemoteWebDriver.execute(RemoteWebDriver.java:609)
at org.openqa.selenium.remote.RemoteWebDriver.getScreenshotAs(RemoteWebDriver.java:295)
at CommonUtils.ScreenShotClass.getScreenshot(ScreenShotClass.java:22)
at CommonUtils.BaseClass.ScreenshotAttach(BaseClass.java:177)
at java.base/java.util.ArrayList.forEach(ArrayList.java:1511)
... Removed 32 stack frames]]>
    </failure>
  </testcase> <!-- @AfterMethod ScreenshotAttach -->
  <testcase classname="CommonUtils.BaseClass" name="@AfterMethod ScreenshotAttach" time="-1.613037580723E9">
    <skipped/>
  </testcase> <!-- @AfterMethod ScreenshotAttach -->
  <testcase classname="Tests.UpdateDateTravelTest" name="modifyPage" time="31.016"/>
  <testcase classname="Tests.SignOutTest" name="InValidSignOutFromAllDevices" time="31.632">
    <failure type="java.lang.AssertionError" message="The following asserts failed:
	expected [false] but found [true]">
      <![CDATA[java.lang.AssertionError: The following asserts failed:
expected [false] but found [true]
at Pages.SavedWalletCardsPages.HelpBtNIsNotDisplayed(SavedWalletCardsPages.java:40)
at Tests.SignOutTest.InValidSignOutFromAllDevices(SignOutTest.java:78)
at java.base/java.util.ArrayList.forEach(ArrayList.java:1511)
... Removed 29 stack frames]]>
    </failure>
  </testcase> <!-- InValidSignOutFromAllDevices -->
  <testcase classname="Tests.SignOutTest" name="ValidSignOutFromAllDevices" time="31.365"/>
  <testcase classname="Tests.SavedWalletCardsTest" name="SavedCardInWallet" time="34.317"/>
  <testcase classname="Tests.UpdateProfileTest" name="ValidUpdate" time="41.54"/>
  <testcase classname="Tests.UpdateProfileTest" name="InvalidUpdate" time="41.17"/>
  <testcase classname="Tests.BusPoolTest" name="carPool" time="33.325"/>
  <testcase classname="Tests.KnowTicketDetailsTest" name="KnowMoreFuntionalityCheck" time="11.134"/>
  <testcase classname="Tests.WalletMoneyTest" name="WalletBalanceCheck" time="33.377"/>
  <testcase classname="Tests.CompleteTripsWindowTest" name="CompletedTripsWindow" time="35.268"/>
  <testcase classname="Tests.CompleteTripsWindowTest" name="FailedCompletedTripsWindow" time="35.752">
    <failure type="java.lang.AssertionError" message="The following asserts failed:
	expected [false] but found [true]">
      <![CDATA[java.lang.AssertionError: The following asserts failed:
expected [false] but found [true]
at Pages.CompleteTripsWindowPage.UpComingTripBtnIsNotPresent(CompleteTripsWindowPage.java:43)
at Tests.CompleteTripsWindowTest.FailedCompletedTripsWindow(CompleteTripsWindowTest.java:77)
at java.base/java.util.ArrayList.forEach(ArrayList.java:1511)
... Removed 29 stack frames]]>
    </failure>
  </testcase> <!-- FailedCompletedTripsWindow -->
  <testcase classname="Tests.LoginInTest" name="InValidSignIn" time="25.196">
    <failure type="java.lang.AssertionError" message="The following asserts failed:
	expected [true] but found [false]">
      <![CDATA[java.lang.AssertionError: The following asserts failed:
expected [true] but found [false]
at Tests.LoginInTest.InValidSignIn(LoginInTest.java:72)
at java.base/java.util.ArrayList.forEach(ArrayList.java:1511)
... Removed 29 stack frames]]>
    </failure>
  </testcase> <!-- InValidSignIn -->
  <testcase classname="Tests.LoginInTest" name="ValidSignIn" time="32.176"/>
  <testcase classname="Tests.ShowMyTicketTest" name="ShowMyTicket" time="20.963"/>
  <testcase classname="Tests.BusOperatorsTest" name="findAllBusOperators" time="0.001">
    <failure type="java.lang.NullPointerException" message="Cannot invoke &amp;quot;String.toLowerCase()&amp;quot; because &amp;quot;browserType&amp;quot; is null">
      <![CDATA[java.lang.NullPointerException: Cannot invoke "String.toLowerCase()" because "browserType" is null
at CommonUtils.BaseClass.driverInitialize(BaseClass.java:117)
at Tests.BusOperatorsTest.findAllBusOperators(BusOperatorsTest.java:45)
at java.base/java.util.ArrayList.forEach(ArrayList.java:1511)
... Removed 27 stack frames]]>
    </failure>
  </testcase> <!-- findAllBusOperators -->
  <testcase classname="Tests.BusOperatorsTest" name="searchBusesWithTopOperator" time="0.0">
    <skipped/>
  </testcase> <!-- searchBusesWithTopOperator -->
  <testcase classname="Tests.SafetyProgramTest" name="SafetyProgramFuntionalityCheck" time="11.064"/>
  <testcase classname="Tests.MyProfileWindowTest" name="ProfileWindowCheck" time="33.816"/>
  <testcase classname="Tests.MyTripsTest" name="MyTripsWindow" time="35.163"/>
  <testcase classname="Tests.MyTripsTest" name="MyTripsWindowFailed" time="52.428">
    <failure type="java.lang.AssertionError" message="The following asserts failed:
	expected [false] but found [true]">
      <![CDATA[java.lang.AssertionError: The following asserts failed:
expected [false] but found [true]
at Pages.MyTripsPage.CompletedBtNIsNotDisplayed(MyTripsPage.java:48)
at Tests.MyTripsTest.MyTripsWindowFailed(MyTripsTest.java:76)
at java.base/java.util.ArrayList.forEach(ArrayList.java:1511)
... Removed 29 stack frames]]>
    </failure>
  </testcase> <!-- MyTripsWindowFailed -->
  <testcase classname="Tests.FindBusTest" name="searchBuses" time="25.988"/>
  <testcase classname="Tests.CancelBookedTicketTest" name="CancelTicketFuntion" time="32.149"/>
  <testcase classname="CommonUtils.BaseClass" name="@BeforeTest setExtent" time="0.0">
    <ignored/>
  </testcase> <!-- @BeforeTest setExtent -->
  <testcase classname="CommonUtils.BaseClass" name="@BeforeTest setExtent" time="0.0">
    <ignored/>
  </testcase> <!-- @BeforeTest setExtent -->
  <testcase classname="CommonUtils.BaseClass" name="@BeforeTest setExtent" time="0.0">
    <ignored/>
  </testcase> <!-- @BeforeTest setExtent -->
  <testcase classname="CommonUtils.BaseClass" name="@BeforeTest setExtent" time="0.0">
    <ignored/>
  </testcase> <!-- @BeforeTest setExtent -->
  <testcase classname="CommonUtils.BaseClass" name="@BeforeTest setExtent" time="0.0">
    <ignored/>
  </testcase> <!-- @BeforeTest setExtent -->
  <testcase classname="CommonUtils.BaseClass" name="@BeforeTest setExtent" time="0.0">
    <ignored/>
  </testcase> <!-- @BeforeTest setExtent -->
  <testcase classname="CommonUtils.BaseClass" name="@BeforeTest setExtent" time="0.0">
    <ignored/>
  </testcase> <!-- @BeforeTest setExtent -->
  <testcase classname="CommonUtils.BaseClass" name="@BeforeTest setExtent" time="0.0">
    <ignored/>
  </testcase> <!-- @BeforeTest setExtent -->
  <testcase classname="CommonUtils.BaseClass" name="@BeforeTest setExtent" time="0.0">
    <ignored/>
  </testcase> <!-- @BeforeTest setExtent -->
  <testcase classname="CommonUtils.BaseClass" name="@BeforeTest setExtent" time="0.0">
    <ignored/>
  </testcase> <!-- @BeforeTest setExtent -->
  <testcase classname="CommonUtils.BaseClass" name="@BeforeTest setExtent" time="0.0">
    <ignored/>
  </testcase> <!-- @BeforeTest setExtent -->
  <testcase classname="CommonUtils.BaseClass" name="@BeforeTest setExtent" time="0.0">
    <ignored/>
  </testcase> <!-- @BeforeTest setExtent -->
  <testcase classname="CommonUtils.BaseClass" name="@BeforeTest setExtent" time="0.0">
    <ignored/>
  </testcase> <!-- @BeforeTest setExtent -->
  <testcase classname="CommonUtils.BaseClass" name="@BeforeTest setExtent" time="0.0">
    <ignored/>
  </testcase> <!-- @BeforeTest setExtent -->
  <testcase classname="CommonUtils.BaseClass" name="@BeforeTest setExtent" time="0.0">
    <ignored/>
  </testcase> <!-- @BeforeTest setExtent -->
  <testcase classname="CommonUtils.BaseClass" name="@AfterTest endReport" time="0.0">
    <ignored/>
  </testcase> <!-- @AfterTest endReport -->
  <testcase classname="CommonUtils.BaseClass" name="@AfterTest endReport" time="0.0">
    <ignored/>
  </testcase> <!-- @AfterTest endReport -->
  <testcase classname="CommonUtils.BaseClass" name="@AfterTest endReport" time="0.0">
    <ignored/>
  </testcase> <!-- @AfterTest endReport -->
  <testcase classname="CommonUtils.BaseClass" name="@AfterTest endReport" time="0.0">
    <ignored/>
  </testcase> <!-- @AfterTest endReport -->
  <testcase classname="CommonUtils.BaseClass" name="@AfterTest endReport" time="0.0">
    <ignored/>
  </testcase> <!-- @AfterTest endReport -->
  <testcase classname="CommonUtils.BaseClass" name="@AfterTest endReport" time="0.0">
    <ignored/>
  </testcase> <!-- @AfterTest endReport -->
  <testcase classname="CommonUtils.BaseClass" name="@AfterTest endReport" time="0.0">
    <ignored/>
  </testcase> <!-- @AfterTest endReport -->
  <testcase classname="CommonUtils.BaseClass" name="@AfterTest endReport" time="0.0">
    <ignored/>
  </testcase> <!-- @AfterTest endReport -->
  <testcase classname="CommonUtils.BaseClass" name="@AfterTest endReport" time="0.0">
    <ignored/>
  </testcase> <!-- @AfterTest endReport -->
  <testcase classname="CommonUtils.BaseClass" name="@AfterTest endReport" time="0.0">
    <ignored/>
  </testcase> <!-- @AfterTest endReport -->
  <testcase classname="CommonUtils.BaseClass" name="@AfterTest endReport" time="0.0">
    <ignored/>
  </testcase> <!-- @AfterTest endReport -->
  <testcase classname="CommonUtils.BaseClass" name="@AfterTest endReport" time="0.0">
    <ignored/>
  </testcase> <!-- @AfterTest endReport -->
  <testcase classname="CommonUtils.BaseClass" name="@AfterTest endReport" time="0.0">
    <ignored/>
  </testcase> <!-- @AfterTest endReport -->
  <testcase classname="CommonUtils.BaseClass" name="@AfterTest endReport" time="0.0">
    <ignored/>
  </testcase> <!-- @AfterTest endReport -->
  <testcase classname="CommonUtils.BaseClass" name="@AfterTest endReport" time="0.0">
    <ignored/>
  </testcase> <!-- @AfterTest endReport -->
</testsuite> <!-- Test -->
